Arguments: 
  C:\Program Files\nodejs\node.exe C:\Users\Administrator\AppData\Roaming\npm\node_modules\yarn\bin\yarn.js init

PATH: 
  C:\Users\Administrator\bin;C:\Program Files\Git\mingw64\bin;C:\Program Files\Git\usr\local\bin;C:\Program Files\Git\usr\bin;C:\Program Files\Git\usr\bin;C:\Program Files\Git\mingw64\bin;C:\Program Files\Git\usr\bin;C:\Users\Administrator\bin;C:\Windows\system32;C:\Windows;C:\Windows\System32\Wbem;C:\Windows\System32\WindowsPowerShell\v1.0;C:\Program Files\Git\cmd;C:\Program Files\nodejs;C:\Program Files\TortoiseSVN\bin;C:\ProgramData\chocolatey\bin;D:\game\flutter\bin;C:\Windows\System32\WindowsPowerShell\v1.0;C:\Users\Administrator\AppData\Local\Android\Sdk\tools;C:\Users\Administrator\AppData\Local\Android\Sdk\platform-tools;C:\Users\Administrator\AppData\Local\Programs\Python\Python37-32\Scripts;C:\Users\Administrator\AppData\Local\Programs\Python\Python37-32;C:\Users\Administrator\AppData\Local\Programs\Microsoft VS Code\bin;C:\Users\Administrator\AppData\Roaming\npm;C:\Users\Administrator\AppData\Local\BypassRuntm;C:\Users\Administrator\AppData\Local\atom\bin;C:\Program Files\Git\usr\bin\vendor_perl;C:\Program Files\Git\usr\bin\core_perl

Yarn version: 
  1.13.0

Node version: 
  10.15.3

Platform: 
  win32 x64

Trace: 
  Error: Can't answer a question unless a user TTY
      at ConsoleReporter.question (C:\Users\Administrator\AppData\Roaming\npm\node_modules\yarn\lib\cli.js:96071:59)
      at Object.<anonymous> (C:\Users\Administrator\AppData\Roaming\npm\node_modules\yarn\lib\cli.js:88459:38)
      at Generator.next (<anonymous>)
      at step (C:\Users\Administrator\AppData\Roaming\npm\node_modules\yarn\lib\cli.js:304:30)
      at C:\Users\Administrator\AppData\Roaming\npm\node_modules\yarn\lib\cli.js:315:13

npm manifest: 
  {
    "dependencies": {}
  }

yarn manifest: 
  No manifest

Lockfile: 
  # THIS IS AN AUTOGENERATED FILE. DO NOT EDIT THIS FILE DIRECTLY.
  # yarn lockfile v1
